<?xml version="1.0" encoding="UTF-8"?>
<!-- Generated by org.testng.reporters.JUnitReportReporter -->
<testsuite hostname="IT-PC" failures="0" tests="1" name="com.mufg.runner.RunnerTest" time="29.884" errors="0" timestamp="2025-01-08T14:48:07 IST" skipped="0">
  <testcase classname="com.mufg.runner.RunnerTest" name="runScenario" time="29.884"/>
</testsuite> <!-- com.mufg.runner.RunnerTest -->
